Sending build context to Docker daemon  1.796MB
Step 1/5 : FROM darribas/gds_py:6.1
 ---> 09a7165e2ff3
Step 2/5 : MAINTAINER Dani Arribas-Bel <D.Arribas-Bel@liverpool.ac.uk>
 ---> Using cache
 ---> 70c621d840de
Step 3/5 : ENV LANG=C.UTF-8 LC_ALL=C.UTF-8
 ---> Using cache
 ---> 65e031ee520c
Step 4/5 : RUN conda config --add channels r     && mamba install --freeze-installed --yes --quiet      'conda-forge::blas=*=openblas'      'black==20.8b1'      'bokeh==2.3.0'      'boto3==1.17.7'      'bottleneck==1.3.2'      'cenpy==1.0.0.post4'      'clustergram==0.3.0'      'contextily==1.1.0'      'cython==0.29.22'      'dask==2021.3.0'      'dask-kubernetes==2021.3.0'      'dask-ml==1.8.0'      'datashader==0.12.1'      'feather-format==0.4.1'      'flake8==3.9.0'      'geocube==0.0.16'      'geopandas==0.9.0'      'geopy==2.1.0'      'h3-py==3.7.0'      'hdbscan==0.8.27'      'intake-stac==0.3.0'      'ipyleaflet==0.13.6'      'ipympl==0.7.0'      'ipyparallel==6.3.0'      'ipywidgets==7.6.3'      'jupyter-server-proxy==3.0.2'      'jupyter_bokeh==3.0.0'      'jupytext==1.10.3'      'legendgram==0.0.3'      'lxml==4.6.3'      'momepy==0.4.3'      'nbdime==2.1.0'      'netCDF4==1.5.6'      'networkx==2.5'      'openpyxl==3.0.7'      'osmnx==1.0.1'      'palettable==3.3.0'      'pandana==0.6.1'      'polyline==1.4.0'      'psycopg2==2.8.6'      'pyarrow==3.0.0'      'pygeos==0.9'      'pyppeteer==0.0.25'      'pyrosm==0.6.0'      'pysal=2.3.0'      'rasterio==1.2.1'      'rasterstats==0.14.0'      'rio-cogeo==2.0.1'      'rioxarray==0.3.1'      'scikit-image==0.18.1'      'scikit-learn==0.24.1'      'seaborn==0.11.1'      'spatialpandas==0.3.6'      'sqlalchemy==1.3.23'      'statsmodels==0.12.2'      'tabulate==0.8.9'      'urbanaccess==0.2.2'      'xarray-spatial==0.1.2'      'xarray_leaflet==0.1.13'      'xlrd==2.0.1'      'xlsxwriter==1.3.7'      'r-base==4.0.3'      'r-tidyverse'      'r-devtools'      'r-rmarkdown'      'r-biocmanager'      'r-vroom'      'r-gert'      'r-arrow'      'r-dplyr'      'r-dbi'      'r-dtplyr'      'r-rmariadb'      'r-rpostgres'      'r-rsqlite'      'r-fst'      'r-rcolorbrewer'      'r-randomfields'      'r-rnetcdf'      'r-classint'      'r-deldir'      'r-gstat'      'r-hdf5r'      'r-lidr'      'r-mapdata'      'r-maptools'      'r-mapview'      'r-ncdf4'      'r-proj4'      'r-raster'      'r-rgdal'      'r-rgeos'      'r-rlas'      'r-sf'      'r-sp'      'r-spacetime'      'r-spatstat'      'r-spdep'      'r-stars'      'r-tidync'      'r-tmap'      'r-geor'      'r-geosphere'      'r-arm'      'r-car'      'r-corrplot'      'r-gghighlight'      'r-ggmap'      'r-kableextra'      'r-knitr'      'r-lme4'      'r-lmtest'      'r-lubridate'      'r-mass'      'r-mertools'      'r-sjplot'      'r-stargazer'      'r-viridis'      'r-feather'      'r-hexbin'      'r-igraph'      'r-nlme'      'r-patchwork'      'r-randomforest'      'r-rcurl'      'r-shiny'      'r-splancs'      'r-traminer'      'r-tufte'      'r-irkernel'      'rpy2'
 ---> Running in 3bd0df6d4386
  Package                      Version  Build              Channel                     Size
─────────────────────────────────────────────────────────────────────────────────────────────
  Install:
─────────────────────────────────────────────────────────────────────────────────────────────

  _r-mutex                       1.0.0  anacondar_1        r/linux-64                  2 KB
  binutils_impl_linux-64        2.35.1  h193b22a_2         conda-forge/linux-64        9 MB
  binutils_linux-64               2.35  h67ddf6f_30        conda-forge/linux-64       22 KB
  bwidget                       1.9.14  0                  conda-forge/linux-64      119 KB
  fribidi                       1.0.10  h516909a_0         conda-forge/linux-64      113 KB
  gcc_impl_linux-64              9.3.0  h70c0ae5_18        conda-forge/linux-64       43 MB
  gcc_linux-64                   9.3.0  hf25ea35_30        conda-forge/linux-64       23 KB
  gfortran_impl_linux-64         9.3.0  hc4a2995_18        conda-forge/linux-64       10 MB
  gfortran_linux-64              9.3.0  hdc58fab_30        conda-forge/linux-64       22 KB
  graphite2                     1.3.13  he1b5a44_1001      conda-forge/linux-64      102 KB
  gsl                              2.6  he838d99_2         conda-forge/linux-64        3 MB
  gxx_impl_linux-64              9.3.0  hd87eabc_18        conda-forge/linux-64       11 MB
  gxx_linux-64                   9.3.0  h3fbe746_30        conda-forge/linux-64       23 KB
  harfbuzz                       2.8.0  h83ec7ef_1         conda-forge/linux-64        2 MB
  kernel-headers_linux-64       2.6.32  h77966d4_13        conda-forge/noarch        707 KB
  libgcc-devel_linux-64          9.3.0  h7864c58_18        conda-forge/linux-64        4 MB
  libgit2                        1.1.0  h3974521_1         conda-forge/linux-64      667 KB
  libglu                         9.0.0  he1b5a44_1001      conda-forge/linux-64      413 KB
  libstdcxx-devel_linux-64       9.3.0  hb016644_18        conda-forge/linux-64       14 MB
  make                             4.3  hd18ef5c_1         conda-forge/linux-64      507 KB
  mysql-connector-c             6.1.11  h6eb9d5d_1007      conda-forge/linux-64        3 MB
  pango                         1.48.3  hb8ff022_0         conda-forge/linux-64      400 KB
  pcre2                          10.36  h032f7d1_1         conda-forge/linux-64        1 MB
  r-abind                        1.4_5  r40h6115d3f_1003   conda-forge/noarch         76 KB
  r-acepack                      1.4.1  r40h580db52_1006   conda-forge/linux-64       72 KB
  r-arm                         1.11_2  r40h6115d3f_0      conda-forge/noarch        452 KB
  r-arrow                        3.0.0  r40h9c3ff4c_1      conda-forge/linux-64        3 MB
  r-askpass                        1.1  r40hcdcec82_2      conda-forge/linux-64       28 KB
  r-assertthat                   0.2.1  r40h6115d3f_2      conda-forge/noarch         70 KB
  r-backports                    1.2.1  r40hcfec24a_0      conda-forge/linux-64       99 KB
  r-base                         4.0.3  h349a78a_8         conda-forge/linux-64       24 MB
  r-base64enc                    0.1_3  r40hcdcec82_1004   conda-forge/linux-64       43 KB
  r-bayestestr                   0.8.2  r40hc72bb7e_0      conda-forge/noarch          3 MB
  r-bh                        1.75.0_0  r40hc72bb7e_0      conda-forge/noarch         11 MB
  r-biocmanager                1.30.10  r40h6115d3f_1      conda-forge/noarch        103 KB
  r-bit                          4.0.4  r40hcdcec82_0      conda-forge/linux-64      618 KB
  r-bit64                        4.0.5  r40hcdcec82_0      conda-forge/linux-64      510 KB
  r-bitops                       1.0_6  r40hcdcec82_1004   conda-forge/linux-64       39 KB
  r-blme                         1.0_5  r40ha770c72_0      conda-forge/noarch        463 KB
  r-blob                         1.2.1  r40h6115d3f_1      conda-forge/noarch         63 KB
  r-boot                        1.3_27  r40hc72bb7e_0      conda-forge/noarch        633 KB
  r-brew                         1.0_6  r40h6115d3f_1003   conda-forge/noarch         93 KB
  r-brio                         1.1.1  r40hcfec24a_0      conda-forge/linux-64       37 KB
  r-broom                        0.7.5  r40hc72bb7e_0      conda-forge/noarch          2 MB
  r-broom.mixed                  0.2.6  r40h6115d3f_0      conda-forge/noarch          4 MB
  r-bslib                        0.2.4  r40hc72bb7e_0      conda-forge/noarch          3 MB
  r-cachem                       1.0.4  r40hcfec24a_0      conda-forge/linux-64       72 KB
  r-callr                        3.5.1  r40h142f84f_0      conda-forge/noarch        388 KB
  r-car                         3.0_10  r40h6115d3f_0      conda-forge/noarch          2 MB
  r-cardata                      3.0_4  r40h6115d3f_0      conda-forge/noarch          2 MB
  r-cellranger                   1.1.0  r40h6115d3f_1003   conda-forge/noarch        108 KB
  r-checkmate                    2.0.0  r40hcdcec82_1      conda-forge/linux-64      655 KB
  r-class                       7.3_18  r40hcfec24a_0      conda-forge/linux-64      107 KB
  r-classint                     0.4_3  r40h580db52_2      conda-forge/linux-64      457 KB
  r-cli                          2.3.1  r40hc72bb7e_0      conda-forge/noarch        471 KB
  r-clipr                        0.7.1  r40h142f84f_0      conda-forge/noarch         65 KB
  r-cluster                      2.1.1  r40h859d828_0      conda-forge/linux-64      566 KB
  r-coda                        0.19_4  r40h142f84f_0      conda-forge/noarch        332 KB
  r-codetools                   0.2_18  r40hc72bb7e_0      conda-forge/noarch        106 KB
  r-colorspace                   2.0_0  r40h9e2df91_0      conda-forge/linux-64        3 MB
  r-colourvalues                 0.3.7  r40h03ef668_0      conda-forge/linux-64      656 KB
  r-commonmark                     1.7  r40hcdcec82_1002   conda-forge/linux-64      152 KB
  r-conquer                      1.0.2  r40hed939d5_1      conda-forge/linux-64      143 KB
  r-corrplot                      0.84  r40_1003           conda-forge/noarch          5 MB
  r-covr                         3.5.1  r40h0357c0b_0      conda-forge/linux-64      302 KB
  r-cpp11                        0.2.6  r40hc72bb7e_0      conda-forge/noarch        154 KB
  r-crayon                       1.4.1  r40hc72bb7e_0      conda-forge/noarch        146 KB
  r-credentials                  1.3.0  r40h6115d3f_0      conda-forge/noarch        182 KB
  r-crosstalk                    1.1.1  r40hc72bb7e_0      conda-forge/noarch        664 KB
  r-cubelyr                      1.0.1  r40hc72bb7e_0      conda-forge/noarch        353 KB
  r-curl                           4.3  r40hcdcec82_1      conda-forge/linux-64      698 KB
  r-data.table                  1.14.0  r40hcfec24a_0      conda-forge/linux-64        2 MB
  r-dbi                          1.1.1  r40hc72bb7e_0      conda-forge/noarch        685 KB
  r-dbplyr                       2.1.0  r40hc72bb7e_0      conda-forge/noarch        818 KB
  r-deldir                      0.2_10  r40h859d828_0      conda-forge/linux-64      291 KB
  r-desc                         1.3.0  r40hc72bb7e_0      conda-forge/noarch        548 KB
  r-devtools                     2.3.2  r40h6115d3f_0      conda-forge/noarch        343 KB
  r-dichromat                    2.0_0  r40_2002           conda-forge/noarch        159 KB
  r-diffobj                      0.3.3  r40hcfec24a_0      conda-forge/linux-64        1 MB
  r-digest                      0.6.27  r40h1b71b39_0      conda-forge/linux-64      213 KB
  r-dplyr                        1.0.5  r40h03ef668_0      conda-forge/linux-64        1 MB
  r-dt                            0.17  r40hc72bb7e_0      conda-forge/noarch          2 MB
  r-dtplyr                       1.1.0  r40hc72bb7e_0      conda-forge/noarch        254 KB
  r-e1071                        1.7_6  r40h03ef668_0      conda-forge/linux-64      834 KB
  r-effectsize                   0.4.4  r40hc72bb7e_0      conda-forge/noarch          1 MB
  r-ellipsis                     0.3.1  r40hcdcec82_0      conda-forge/linux-64       49 KB
  r-emmeans                    1.5.5_1  r40hc72bb7e_0      conda-forge/noarch          2 MB
  r-estimability                   1.3  r40h6115d3f_1003   conda-forge/noarch         53 KB
  r-evaluate                      0.14  r40h6115d3f_2      conda-forge/noarch         81 KB
  r-expm                       0.999_6  r40h52d45c5_0      conda-forge/linux-64      221 KB
  r-fansi                        0.4.2  r40hcfec24a_0      conda-forge/linux-64      199 KB
  r-farver                       2.1.0  r40h03ef668_0      conda-forge/linux-64        1 MB
  r-fastmap                      1.1.0  r40h03ef668_0      conda-forge/linux-64       69 KB
  r-feather                      0.3.5  r40h0357c0b_1      conda-forge/linux-64      152 KB
  r-fnn                          1.1.3  r40h0357c0b_2      conda-forge/linux-64      149 KB
  r-forcats                      0.5.1  r40hc72bb7e_0      conda-forge/noarch        377 KB
  r-foreach                      1.5.1  r40h142f84f_0      conda-forge/noarch        132 KB
  r-foreign                     0.8_81  r40hcfec24a_0      conda-forge/linux-64      274 KB
  r-formula                      1.2_4  r40h142f84f_0      conda-forge/noarch        189 KB
  r-fs                           1.5.0  r40h0357c0b_0      conda-forge/linux-64      515 KB
  r-fst                          0.9.4  r40h1b71b39_0      conda-forge/linux-64      449 KB
  r-future                      1.21.0  r40hc72bb7e_0      conda-forge/noarch        582 KB
  r-gdalutils                  2.0.3.2  r40h6115d3f_1      conda-forge/noarch          1 MB
  r-gdata                       2.18.0  r40h6115d3f_1003   conda-forge/noarch          1 MB
  r-gdtools                      0.2.2  r40h36050f4_1      conda-forge/linux-64      131 KB
  r-generics                     0.1.0  r40hc72bb7e_0      conda-forge/noarch         83 KB
  r-geojsonsf                    2.0.1  r40h1b71b39_0      conda-forge/linux-64        1 MB
  r-geometries                   0.2.0  r40h03ef668_0      conda-forge/linux-64      261 KB
  r-geometry                     0.4.5  r40h0357c0b_1      conda-forge/linux-64      798 KB
  r-geor                         1.8_1  r40hcdcec82_1      conda-forge/linux-64        1 MB
  r-geosphere                   1.5_10  r40hcdcec82_2      conda-forge/linux-64      979 KB
  r-gert                         1.2.0  r40hbd84cd2_1      conda-forge/linux-64      193 KB
  r-ggeffects                    1.0.2  r40hc72bb7e_0      conda-forge/noarch          1 MB
  r-gghighlight                  0.3.1  r40hc72bb7e_0      conda-forge/noarch          2 MB
  r-ggmap                        3.0.0  r40h6115d3f_2      conda-forge/noarch          5 MB
  r-ggplot2                      3.3.3  r40hc72bb7e_0      conda-forge/noarch          4 MB
  r-ggrepel                      0.9.1  r40h03ef668_0      conda-forge/linux-64      429 KB
  r-gh                           1.2.0  r40hc72bb7e_0      conda-forge/noarch        133 KB
  r-git2r                       0.28.0  r40hf628c3e_0      conda-forge/linux-64      894 KB
  r-gitcreds                     0.1.1  r40hc72bb7e_0      conda-forge/noarch         92 KB
  r-globals                     0.14.0  r40hc72bb7e_0      conda-forge/noarch        108 KB
  r-glue                         1.4.2  r40hcfec24a_0      conda-forge/linux-64      141 KB
  r-gmodels                     2.18.1  r40_1003           conda-forge/noarch        123 KB
  r-goftest                      1.2_2  r40hcdcec82_1      conda-forge/linux-64       70 KB
  r-googlepolylines              0.8.2  r40h03ef668_0      conda-forge/linux-64      655 KB
  r-gridextra                      2.3  r40h6115d3f_1003   conda-forge/noarch          1 MB
  r-gstat                        2.0_7  r40hcfec24a_0      conda-forge/linux-64        2 MB
  r-gtable                       0.3.0  r40h6115d3f_3      conda-forge/noarch        423 KB
  r-gtools                       3.8.2  r40hcdcec82_1      conda-forge/linux-64      332 KB
  r-haven                        2.3.1  r40hde08347_0      conda-forge/linux-64      373 KB
  r-hdf5r                        1.3.3  r40h4dd06ac_0      conda-forge/linux-64        2 MB
  r-hexbin                      1.28.2  r40h859d828_0      conda-forge/linux-64        1 MB
  r-highr                          0.8  r40h6115d3f_2      conda-forge/noarch         58 KB
  r-hmisc                        4.5_0  r40h859d828_0      conda-forge/linux-64        3 MB
  r-hms                          1.0.0  r40hc72bb7e_0      conda-forge/noarch        105 KB
  r-htmltable                    2.1.0  r40h6115d3f_0      conda-forge/noarch        392 KB
  r-htmltools                  0.5.1.1  r40h03ef668_0      conda-forge/linux-64      246 KB
  r-htmlwidgets                  1.5.3  r40hc72bb7e_0      conda-forge/noarch        272 KB
  r-httpuv                       1.5.5  r40h03ef668_0      conda-forge/linux-64      910 KB
  r-httr                         1.4.2  r40h6115d3f_0      conda-forge/noarch        493 KB
  r-igraph                       1.2.6  r40hfbf21e4_1      conda-forge/linux-64        4 MB
  r-ini                          0.3.1  r40h6115d3f_1003   conda-forge/noarch         30 KB
  r-insight                     0.13.1  r40hc72bb7e_0      conda-forge/noarch          2 MB
  r-intervals                   0.15.2  r40h0357c0b_1      conda-forge/linux-64      686 KB
  r-irdisplay                      1.0  r40hd8ed1ab_0      conda-forge/noarch         35 KB
  r-irkernel                     1.1.1  r40h6115d3f_0      conda-forge/noarch        234 KB
  r-isoband                      0.2.4  r40h03ef668_0      conda-forge/linux-64        2 MB
  r-iterators                   1.0.13  r40h142f84f_0      conda-forge/noarch        338 KB
  r-jpeg                       0.1_8.1  r40hcdcec82_1      conda-forge/linux-64       51 KB
  r-jquerylib                    0.1.3  r40hc72bb7e_0      conda-forge/noarch        371 KB
  r-jsonify                      1.2.1  r40h0357c0b_0      conda-forge/linux-64      634 KB
  r-jsonlite                     1.7.2  r40hcfec24a_0      conda-forge/linux-64      462 KB
  r-kableextra                   1.3.4  r40hc72bb7e_0      conda-forge/noarch          2 MB
  r-kernsmooth                 2.23_18  r40h742201e_0      conda-forge/linux-64      104 KB
  r-knitr                         1.31  r40hc72bb7e_0      conda-forge/noarch          1 MB
  r-labeling                     0.4.2  r40h142f84f_0      conda-forge/noarch         67 KB
  r-later                      1.1.0.1  r40h0357c0b_0      conda-forge/linux-64      156 KB
  r-lattice                    0.20_41  r40hcfec24a_3      conda-forge/linux-64        1 MB
  r-latticeextra                0.6_29  r40h6115d3f_1      conda-forge/noarch          2 MB
  r-lazyeval                     0.2.2  r40hcdcec82_2      conda-forge/linux-64      164 KB
  r-leafem                       0.1.3  r40h6115d3f_0      conda-forge/noarch          3 MB
  r-leaflet                    2.0.4.1  r40hc72bb7e_0      conda-forge/noarch          2 MB
  r-leaflet.providers            1.9.0  r40h6115d3f_1      conda-forge/noarch         54 KB
  r-leafpop                      0.0.6  r40h0357c0b_0      conda-forge/linux-64        2 MB
  r-leafsync                     0.1.0  r40h6115d3f_1      conda-forge/noarch        834 KB
  r-learnbayes                  2.15.1  r40h6115d3f_1002   conda-forge/noarch        995 KB
  r-lidr                         3.0.4  r40h1b71b39_0      conda-forge/linux-64        3 MB
  r-lifecycle                    1.0.0  r40hc72bb7e_0      conda-forge/noarch         97 KB
  r-linprog                      0.9_2  r40h6115d3f_2      conda-forge/noarch         76 KB
  r-listenv                      0.8.0  r40h6115d3f_1      conda-forge/noarch        118 KB
  r-lme4                        1.1_26  r40h03ef668_0      conda-forge/linux-64        4 MB
  r-lmtest                      0.9_38  r40h580db52_1      conda-forge/linux-64      409 KB
  r-lpsolve                     5.6.15  r40hcdcec82_1      conda-forge/linux-64      387 KB
  r-lubridate                   1.7.10  r40h03ef668_0      conda-forge/linux-64        1 MB
  r-lwgeom                       0.2_5  r40h3e046d3_2      conda-forge/linux-64      475 KB
  r-magic                        1.5_9  r40h6115d3f_2      conda-forge/noarch        377 KB
  r-magrittr                     2.0.1  r40hcfec24a_1      conda-forge/linux-64      211 KB
  r-manipulatewidget            0.10.1  r40h6115d3f_1      conda-forge/noarch          2 MB
  r-mapdata                      2.3.0  r40hcdcec82_1004   conda-forge/linux-64       25 MB
  r-mapdeck                      0.3.4  r40he524a50_1      conda-forge/linux-64        3 MB
  r-maps                         3.3.0  r40hcdcec82_1004   conda-forge/linux-64        3 MB
  r-maptools                     1.1_1  r40hcfec24a_0      conda-forge/linux-64        2 MB
  r-mapview                      2.9.0  r40he1b5a44_0      conda-forge/linux-64        2 MB
  r-markdown                       1.1  r40hcfec24a_1      conda-forge/linux-64      142 KB
  r-mass                      7.3_53.1  r40hcfec24a_0      conda-forge/linux-64        1 MB
  r-matrix                       1.3_2  r40he454529_0      conda-forge/linux-64        4 MB
  r-matrixmodels                 0.5_0  r40hc72bb7e_0      conda-forge/noarch        450 KB
  r-matrixstats                 0.58.0  r40hcfec24a_0      conda-forge/linux-64      939 KB
  r-memoise                      2.0.0  r40hc72bb7e_0      conda-forge/noarch         56 KB
  r-mertools                     0.5.2  r40h6115d3f_0      conda-forge/noarch        681 KB
  r-mgcv                        1.8_34  r40he454529_0      conda-forge/linux-64        3 MB
  r-mime                          0.10  r40hcfec24a_0      conda-forge/linux-64       51 KB
  r-miniui                     0.1.1.1  r40h6115d3f_1002   conda-forge/noarch         51 KB
  r-minqa                        1.2.4  r40h228a9c8_1006   conda-forge/linux-64      143 KB
  r-modelr                       0.1.8  r40h6115d3f_0      conda-forge/noarch        218 KB
  r-munsell                      0.5.0  r40h6115d3f_1003   conda-forge/noarch        246 KB
  r-mvtnorm                      1.1_1  r40h580db52_1      conda-forge/linux-64      246 KB
  r-ncdf4                         1.17  r40h4fa2c38_4      conda-forge/linux-64      293 KB
  r-ncmeta                       0.3.0  r40h6115d3f_0      conda-forge/noarch        416 KB
  r-nlme                       3.1_152  r40h859d828_0      conda-forge/linux-64        2 MB
  r-nloptr                     1.2.2.2  r40h0357c0b_0      conda-forge/linux-64      505 KB
  r-nnet                        7.3_15  r40hcfec24a_0      conda-forge/linux-64      132 KB
  r-numderiv                2016.8_1.1  r40h6115d3f_3      conda-forge/noarch        125 KB
  r-openssl                      1.4.3  r40he5c4762_0      conda-forge/linux-64        1 MB
  r-openxlsx                     4.2.3  r40h1b71b39_0      conda-forge/linux-64        2 MB
  r-parallelly                  1.24.0  r40hc72bb7e_0      conda-forge/noarch        247 KB
  r-parameters                  0.12.0  r40hc72bb7e_0      conda-forge/noarch          1 MB
  r-patchwork                    1.1.1  r40hc72bb7e_0      conda-forge/noarch          3 MB
  r-pbdzmq                       0.3_5  r40h42bf92c_1      conda-forge/linux-64      527 KB
  r-pbkrtest                     0.5.1  r40hc72bb7e_0      conda-forge/noarch        357 KB
  r-performance                  0.7.0  r40hc72bb7e_0      conda-forge/noarch          2 MB
  r-pillar                       1.5.1  r40hc72bb7e_0      conda-forge/noarch        921 KB
  r-pkgbuild                     1.2.0  r40hc72bb7e_0      conda-forge/noarch        157 KB
  r-pkgconfig                    2.0.3  r40h6115d3f_1      conda-forge/noarch         24 KB
  r-pkgload                      1.2.0  r40h03ef668_0      conda-forge/linux-64      168 KB
  r-plogr                        0.2.0  r40h6115d3f_1003   conda-forge/noarch         19 KB
  r-plyr                         1.8.6  r40h0357c0b_1      conda-forge/linux-64      830 KB
  r-png                          0.1_7  r40hcdcec82_1004   conda-forge/linux-64       58 KB
  r-polyclip                    1.10_0  r40h0357c0b_2      conda-forge/linux-64      128 KB
  r-praise                       1.0.0  r40h6115d3f_1004   conda-forge/noarch         23 KB
  r-prettyunits                  1.1.1  r40h6115d3f_1      conda-forge/noarch         40 KB
  r-processx                     3.5.0  r40hcfec24a_0      conda-forge/linux-64      310 KB
  r-progress                     1.2.2  r40h6115d3f_2      conda-forge/noarch         90 KB
  r-proj4                     1.0_10.1  r40hf82c65c_0      conda-forge/linux-64       37 KB
  r-promises                   1.2.0.1  r40h03ef668_0      conda-forge/linux-64        2 MB
  r-proxy                       0.4_25  r40hcfec24a_0      conda-forge/linux-64      231 KB
  r-ps                           1.6.0  r40hcfec24a_0      conda-forge/linux-64      300 KB
  r-purrr                        0.3.4  r40hcdcec82_1      conda-forge/linux-64      410 KB
  r-quantreg                      5.85  r40h52d45c5_0      conda-forge/linux-64        2 MB
  r-r.methodss3                  1.8.1  r40h6115d3f_0      conda-forge/noarch         94 KB
  r-r.oo                        1.24.0  r40h6115d3f_0      conda-forge/noarch        973 KB
  r-r.utils                     2.10.1  r40h6115d3f_0      conda-forge/noarch          1 MB
  r-r6                           2.5.0  r40hc72bb7e_0      conda-forge/noarch         89 KB
  r-randomfields                 3.3.8  r40h0357c0b_1      conda-forge/linux-64        3 MB
  r-randomfieldsutils            0.5.3  r40h228a9c8_4      conda-forge/linux-64      250 KB
  r-randomforest                4.6_14  r40h580db52_1004   conda-forge/linux-64      236 KB
  r-rapidjsonr                   1.2.0  r40h6115d3f_1      conda-forge/noarch        110 KB
  r-rappdirs                     0.3.3  r40hcfec24a_0      conda-forge/linux-64       50 KB
  r-raster                       3.4_5  r40he524a50_0      conda-forge/linux-64        3 MB
  r-rcmdcheck                    1.3.3  r40h6115d3f_3      conda-forge/noarch        139 KB
  r-rcolorbrewer                 1.1_2  r40h6115d3f_1003   conda-forge/noarch         59 KB
  r-rcpp                         1.0.6  r40h03ef668_0      conda-forge/linux-64        2 MB
  r-rcpparmadillo           0.10.2.2.0  r40h306847c_0      conda-forge/linux-64        1 MB
  r-rcppeigen                0.3.3.9.1  r40h306847c_0      conda-forge/linux-64        2 MB
  r-rcppprogress                 0.4.2  r40h6115d3f_1      conda-forge/noarch         37 KB
  r-rcsf                         1.0.2  r40h0357c0b_1      conda-forge/linux-64      212 KB
  r-rcurl                     1.98_1.3  r40hcfec24a_0      conda-forge/linux-64      983 KB
  r-readr                        1.4.0  r40h1b71b39_0      conda-forge/linux-64      861 KB
  r-readxl                       1.3.1  r40hde08347_4      conda-forge/linux-64      859 KB
  r-rematch                      1.0.1  r40h6115d3f_1003   conda-forge/noarch         19 KB
  r-rematch2                     2.1.2  r40h6115d3f_1      conda-forge/noarch         52 KB
  r-remotes                      2.2.0  r40h6115d3f_0      conda-forge/noarch        392 KB
  r-repr                         1.1.3  r40h785f33e_0      conda-forge/noarch        144 KB
  r-reprex                       1.0.0  r40hc72bb7e_0      conda-forge/noarch        483 KB
  r-reshape2                     1.4.4  r40h0357c0b_1      conda-forge/linux-64      135 KB
  r-rex                          1.2.0  r40h6115d3f_1      conda-forge/noarch        131 KB
  r-rgdal                       1.5_16  r40hb42392b_3      conda-forge/linux-64        5 MB
  r-rgeos                        0.5_5  r40hccdd1c9_1      conda-forge/linux-64      716 KB
  r-rgl                       0.105.22  r40hf858bec_0      conda-forge/linux-64        4 MB
  r-rgooglemaps                1.4.5.3  r40h6115d3f_1      conda-forge/noarch        517 KB
  r-rio                         0.5.26  r40hc72bb7e_0      conda-forge/noarch        492 KB
  r-rjson                       0.2.20  r40h0357c0b_1002   conda-forge/linux-64      146 KB
  r-rlang                       0.4.10  r40hcfec24a_0      conda-forge/linux-64        1 MB
  r-rlas                         1.4.0  r40h03ef668_0      conda-forge/linux-64      815 KB
  r-rmariadb                     1.1.0  r40h03ef668_0      conda-forge/linux-64      399 KB
  r-rmarkdown                      2.7  r40hc72bb7e_0      conda-forge/noarch          3 MB
  r-rnetcdf                      2.4_2  r40h98be826_0      conda-forge/linux-64      225 KB
  r-roxygen2                     7.1.1  r40h0357c0b_0      conda-forge/linux-64      657 KB
  r-rpart                       4.1_15  r40hcfec24a_2      conda-forge/linux-64      730 KB
  r-rpostgres                    1.3.1  r40h03ef668_0      conda-forge/linux-64      446 KB
  r-rprojroot                    2.0.2  r40hc72bb7e_0      conda-forge/noarch        110 KB
  r-rsqlite                      2.2.4  r40h03ef668_0      conda-forge/linux-64        1 MB
  r-rstudioapi                    0.13  r40hc72bb7e_0      conda-forge/noarch        281 KB
  r-rversions                    2.0.2  r40h6115d3f_0      conda-forge/noarch         72 KB
  r-rvest                        1.0.0  r40hc72bb7e_0      conda-forge/noarch        202 KB
  r-sass                         0.3.1  r40h03ef668_0      conda-forge/linux-64        1 MB
  r-satellite                    1.0.2  r40he1b5a44_0      conda-forge/linux-64        3 MB
  r-scales                       1.1.1  r40h6115d3f_0      conda-forge/noarch        556 KB
  r-selectr                      0.4_2  r40h6115d3f_1      conda-forge/noarch        449 KB
  r-sessioninfo                  1.1.1  r40h6115d3f_1002   conda-forge/noarch         57 KB
  r-sf                           0.9_7  r40h55864b3_2      conda-forge/linux-64        4 MB
  r-sfheaders                    0.4.0  r40h03ef668_0      conda-forge/linux-64      476 KB
  r-shiny                        1.6.0  r40hc72bb7e_0      conda-forge/noarch          5 MB
  r-sjlabelled                   1.1.7  r40h6115d3f_0      conda-forge/noarch        313 KB
  r-sjmisc                       2.8.6  r40hc72bb7e_0      conda-forge/noarch        525 KB
  r-sjplot                       2.8.7  r40hc72bb7e_0      conda-forge/noarch          1 MB
  r-sjstats                     0.18.1  r40hc72bb7e_0      conda-forge/noarch        374 KB
  r-sourcetools                  0.1.7  r40he1b5a44_1002   conda-forge/linux-64       52 KB
  r-sp                           1.4_5  r40hcfec24a_0      conda-forge/linux-64        2 MB
  r-spacetime                    1.2_4  r40hc72bb7e_0      conda-forge/noarch          3 MB
  r-sparsem                       1.81  r40h859d828_0      conda-forge/linux-64        1 MB
  r-spatialwidget                0.2.3  r40h0357c0b_0      conda-forge/linux-64        1 MB
  r-spatstat                     2.0_1  r40hc72bb7e_0      conda-forge/linux-64        3 MB
  r-spatstat.core                2.0_0  r40h03ef668_0      conda-forge/linux-64        6 MB
  r-spatstat.data                2.1_0  r40hc72bb7e_0      conda-forge/noarch          4 MB
  r-spatstat.geom                2.0_1  r40hcfec24a_0      conda-forge/linux-64        4 MB
  r-spatstat.linnet              2.0_0  r40hcfec24a_0      conda-forge/linux-64        1 MB
  r-spatstat.sparse              2.0_0  r40hcfec24a_0      conda-forge/linux-64      218 KB
  r-spatstat.utils               2.1_0  r40h7f98852_0      conda-forge/linux-64      352 KB
  r-spdata                       0.3.8  r40h6115d3f_0      conda-forge/noarch          4 MB
  r-spdep                        1.1_5  r40hc57f18f_0      conda-forge/linux-64        4 MB
  r-splancs                    2.01_40  r40h580db52_1006   conda-forge/linux-64      338 KB
  r-stargazer                    5.2.2  r40h6115d3f_2      conda-forge/noarch        625 KB
  r-stars                        0.5_2  r40hc72bb7e_0      conda-forge/noarch          5 MB
  r-statmod                     1.4.35  r40h86c2bf4_1      conda-forge/linux-64      278 KB
  r-stringi                      1.5.3  r40hcabe038_1      conda-forge/linux-64      803 KB
  r-stringr                      1.4.0  r40h6115d3f_2      conda-forge/noarch        209 KB
  r-survival                    3.2_10  r40hcfec24a_0      conda-forge/linux-64        6 MB
  r-svglite                      2.0.0  r40h03ef668_0      conda-forge/linux-64      210 KB
  r-sys                            3.4  r40hcdcec82_0      conda-forge/linux-64       48 KB
  r-systemfonts                  1.0.1  r40hef9c87a_0      conda-forge/linux-64      274 KB
  r-tensor                         1.5  r40h6115d3f_1003   conda-forge/noarch         30 KB
  r-testthat                     3.0.2  r40h03ef668_0      conda-forge/linux-64        2 MB
  r-tibble                       3.1.0  r40hcfec24a_1      conda-forge/linux-64      740 KB
  r-tidync                       0.2.4  r40h6115d3f_0      conda-forge/noarch        368 KB
  r-tidyr                        1.1.3  r40h03ef668_0      conda-forge/linux-64      811 KB
  r-tidyselect                   1.1.0  r40h6115d3f_0      conda-forge/linux-64      204 KB
  r-tidyverse                    1.3.0  r40h6115d3f_2      conda-forge/noarch        452 KB
  r-tinytex                       0.30  r40hc72bb7e_0      conda-forge/noarch        123 KB
  r-tmap                         3.3_1  r40hc72bb7e_0      conda-forge/noarch          3 MB
  r-tmaptools                    3.1_1  r40hc72bb7e_0      conda-forge/noarch        186 KB
  r-tmb                         1.7.19  r40h306847c_0      conda-forge/linux-64        1 MB
  r-traminer                     2.2_1  r40h1b71b39_0      conda-forge/linux-64        2 MB
  r-tufte                          0.9  r40hc72bb7e_0      conda-forge/noarch        246 KB
  r-units                        0.7_1  r40h03ef668_0      conda-forge/linux-64     1003 KB
  r-usethis                      2.0.1  r40hc72bb7e_0      conda-forge/noarch        695 KB
  r-utf8                         1.2.1  r40hcfec24a_0      conda-forge/linux-64      162 KB
  r-uuid                         0.1_4  r40hcdcec82_1      conda-forge/linux-64       22 KB
  r-vctrs                        0.3.6  r40hcfec24a_0      conda-forge/linux-64        1 MB
  r-viridis                      0.5.1  r40h6115d3f_1004   conda-forge/noarch          2 MB
  r-viridislite                  0.3.0  r40h6115d3f_1003   conda-forge/noarch         64 KB
  r-vroom                        1.4.0  r40h03ef668_0      conda-forge/linux-64      759 KB
  r-waldo                        0.2.5  r40hc72bb7e_0      conda-forge/noarch         78 KB
  r-webshot                      0.5.2  r40h6115d3f_1      conda-forge/noarch        130 KB
  r-whisker                        0.4  r40h6115d3f_1      conda-forge/noarch         80 KB
  r-widgetframe                  0.3.1  r40h6115d3f_1      conda-forge/noarch         66 KB
  r-withr                        2.4.1  r40hc72bb7e_0      conda-forge/noarch        217 KB
  r-xfun                          0.20  r40hcfec24a_0      conda-forge/linux-64      299 KB
  r-xml                       3.99_0.6  r40hcfec24a_0      conda-forge/linux-64        2 MB
  r-xml2                         1.3.2  r40h0357c0b_1      conda-forge/linux-64      247 KB
  r-xopen                        1.0.0  r40h6115d3f_1003   conda-forge/noarch         28 KB
  r-xtable                       1.8_4  r40h6115d3f_3      conda-forge/noarch        697 KB
  r-xts                         0.12.1  r40hcdcec82_0      conda-forge/linux-64      906 KB
  r-yaml                         2.2.1  r40hcfec24a_1      conda-forge/linux-64      119 KB
  r-zeallot                      0.1.0  r40h6115d3f_1002   conda-forge/noarch         62 KB
  r-zip                          2.1.1  r40hcdcec82_0      conda-forge/linux-64      160 KB
  r-zoo                          1.8_9  r40hcfec24a_0      conda-forge/linux-64        1 MB
  rpy2                           3.4.3  py38r40hb5d20a5_0  conda-forge/linux-64      376 KB
  sed                              4.8  he412f7d_0         conda-forge/linux-64      264 KB
  simplegeneric                  0.8.1  py_1               conda-forge/noarch          7 KB
  sysroot_linux-64                2.12  h77966d4_13        conda-forge/noarch         30 MB
  tktable                         2.10  hb7b940f_3         conda-forge/linux-64       89 KB
  tzlocal                          2.1  pyh9f0ad1d_0       conda-forge/noarch         18 KB
  udunits2                   2.2.27.27  h360fe7b_0         conda-forge/linux-64      161 KB
  xorg-libxt                     1.2.1  h7f98852_2         conda-forge/linux-64      375 KB

  Change:
─────────────────────────────────────────────────────────────────────────────────────────────

  gdal                           3.2.1  py38hc0b2d6b_7     installed                       
  gdal                           3.2.1  py38hc0b2d6b_4     conda-forge/linux-64        1 MB
  libgdal                        3.2.1  h38ff51b_7         installed                       
  libgdal                        3.2.1  h0a4f56a_4         conda-forge/linux-64       13 MB
  librttopo                      1.1.0  h1185371_6         installed                       
  librttopo                      1.1.0  hccdd1c9_5         conda-forge/linux-64      235 KB
  libspatialite                  5.0.1  he52d314_3         installed                       
  libspatialite                  5.0.1  h04c9dda_2         conda-forge/linux-64        4 MB
  psycopg2                       2.8.6  py38h497a2fe_2     installed                       
  psycopg2                       2.8.6  py38h766eaa4_1     conda-forge/linux-64      170 KB
  pygeos                           0.9  py38h4fc1155_4     installed                       
  pygeos                           0.9  py38h604dc72_3     conda-forge/linux-64      300 KB
  shapely                        1.7.1  py38h4fc1155_4     installed                       
  shapely                        1.7.1  py38h604dc72_2     conda-forge/linux-64      443 KB

  Downgrade:
─────────────────────────────────────────────────────────────────────────────────────────────

  geos                           3.9.1  h9c3ff4c_2         installed                       
  geos                           3.9.0  h9c3ff4c_0         conda-forge/linux-64        1 MB
  json-c                          0.15  h98cffda_0         installed                       
  json-c                        0.13.1  hbfbb72e_1002      conda-forge/linux-64       76 KB
  libpq                           13.1  hfd2b0eb_2         installed                       
  libpq                           12.3  hfd2b0eb_3         conda-forge/linux-64        3 MB
  postgresql                      13.1  h6303168_2         installed                       
  postgresql                      12.3  h6303168_3         conda-forge/linux-64        5 MB

  Summary:

  Install: 355 packages
  Change: 7 packages
  Downgrade: 4 packages

  Total download: 519 MB

─────────────────────────────────────────────────────────────────────────────────────────────


  Pinned packages:

  - conda 4.9.2  - python 3.8.*  - tini 0.18.0

Preparing transaction: ...working... done
Verifying transaction: ...working... done
Executing transaction: ...working... done
Removing intermediate container 3bd0df6d4386
 ---> 2ee5a5d48b1c
Step 5/5 : USER $NB_UID
 ---> Running in 7f38c121b484
Removing intermediate container 7f38c121b484
 ---> 9d782e032f9d
Successfully built 9d782e032f9d
Successfully tagged gds:6.1
