#0 building with "desktop-linux" instance using docker driver

#1 [internal] load build definition from Dockerfile
#1 transferring dockerfile: 2.02kB done
#1 DONE 0.0s

#2 [internal] load metadata for quay.io/jupyter/minimal-notebook:latest
#2 DONE 0.5s

#3 [internal] load .dockerignore
#3 transferring context: 2B done
#3 DONE 0.0s

#4 [ 1/23] FROM quay.io/jupyter/minimal-notebook:latest@sha256:5858a7cf0e4f59e9a4a50986e308c6cc088ffce6da0a68a8454e9c2c6688653a
#4 DONE 0.0s

#5 [internal] load build context
#5 transferring context: 4.78kB done
#5 DONE 0.0s

#6 [ 2/23] RUN echo "Starting build of GDS env 11.0alpha for arm64 at: $(date)"
#6 CACHED

#7 [ 3/23] ADD ./*/*.sh /home/jovyan/scripts/
#7 CACHED

#8 [ 4/23] RUN chmod +x /home/jovyan/scripts/*.sh
#8 CACHED

#9 [ 5/23] RUN /home/jovyan/scripts/install_jupyter_dev.sh
#9 CACHED

#10 [ 6/23] ADD ./gds_arm64.yml /home/jovyan/gds.yml
#10 DONE 0.0s

#11 [ 7/23] RUN /home/jovyan/scripts/install_conda_env.sh
#11 0.329 Channels:
#11 0.329  - conda-forge
#11 0.329 Platform: linux-aarch64
#11 0.329 Collecting package metadata (repodata.json): ...working... done
#11 3.614 Solving environment: ...working... failed
#11 31.23 Channels:
#11 31.23  - conda-forge
#11 31.23 Platform: linux-aarch64
#11 31.23 Collecting package metadata (repodata.json): ...working... done
#11 33.89 Solving environment: ...working... failed
#11 61.64 
#11 61.64 LibMambaUnsatisfiableError: Encountered problems while solving:
#11 61.64   - nothing provides r-base >=3.5.1,<3.5.2.0a0 needed by r-tmap-2.2-r351h6115d3f_0
#11 61.64   - nothing provides r-base >=3.5,<3.6.0a0 needed by r-stars-0.3_1-r35h6115d3f_0
#11 61.64 
#11 61.64 Could not solve for environment specs
#11 61.64 The following packages are incompatible
#11 61.64 ├─ libgdal-arrow-parquet is installable with the potential options
#11 61.64 │  ├─ libgdal-arrow-parquet [3.6.0|3.6.1|3.6.2|3.6.3] would require
#11 61.64 │  │  └─ geos >=3.11.1,<3.11.2.0a0 , which can be installed;
#11 61.64 │  ├─ libgdal-arrow-parquet [3.6.3|3.6.4|3.7.0] would require
#11 61.64 │  │  └─ geos >=3.11.2,<3.11.3.0a0 , which can be installed;
#11 61.64 │  ├─ libgdal-arrow-parquet [3.6.4|3.7.0|...|3.8.0] would require
#11 61.64 │  │  └─ geos >=3.12.0,<3.12.1.0a0 , which can be installed;
#11 61.64 │  ├─ libgdal-arrow-parquet [3.7.3|3.8.4|3.8.5|3.9.0|3.9.1] would require
#11 61.64 │  │  └─ pcre2 >=10.43,<10.44.0a0 , which can be installed;
#11 61.64 │  ├─ libgdal-arrow-parquet [3.7.3|3.8.0|...|3.8.4] would require
#11 61.64 │  │  └─ pcre2 >=10.42,<10.43.0a0 , which can be installed;
#11 61.64 │  ├─ libgdal-arrow-parquet [3.8.5|3.9.1] would require
#11 61.64 │  │  └─ geos >=3.12.2,<3.12.3.0a0 , which can be installed;
#11 61.64 │  ├─ libgdal-arrow-parquet [3.8.5|3.9.1] would require
#11 61.64 │  │  └─ pcre2 >=10.44,<10.45.0a0 , which can be installed;
#11 61.64 │  └─ libgdal-arrow-parquet 3.9.1 would require
#11 61.64 │     └─ proj >=9.4.1,<9.5.0a0 , which can be installed;
#11 61.64 ├─ r-brms is installable with the potential options
#11 61.64 │  ├─ r-brms 2.20.1 would require
#11 61.64 │  │  └─ r-base >=4.2,<4.3.0a0  with the potential options
#11 61.64 │  │     ├─ r-base [4.2.2|4.2.3] would require
#11 61.64 │  │     │  └─ pcre2 >=10.40,<10.41.0a0 , which conflicts with any installable versions previously reported;
#11 61.64 │  │     └─ r-base [4.2.0|4.2.1|4.2.2|4.2.3], which can be installed;
#11 61.64 │  └─ r-brms 2.20.1 would require
#11 61.64 │     └─ r-base >=4.3,<4.4.0a0 , which can be installed;
#11 61.64 ├─ r-rgdal is installable with the potential options
#11 61.64 │  ├─ r-rgdal 1.6_7 would require
#11 61.64 │  │  ├─ libgdal >=3.8.5,<3.9.0a0  with the potential options
#11 61.64 │  │  │  ├─ libgdal 3.8.5 would require
#11 61.64 │  │  │  │  └─ proj >=9.4.0,<9.4.1.0a0 , which conflicts with any installable versions previously reported;
#11 61.64 │  │  │  ├─ libgdal 3.8.5 would require
#11 61.64 │  │  │  │  └─ pcre2 >=10.43,<10.44.0a0 , which can be installed;
#11 61.64 │  │  │  ├─ libgdal 3.8.5 would require
#11 61.64 │  │  │  │  └─ pcre2 >=10.44,<10.45.0a0 , which can be installed;
#11 61.64 │  │  │  └─ libgdal 3.8.5 would require
#11 61.64 │  │  │     └─ geos >=3.12.2,<3.12.3.0a0 , which can be installed;
#11 61.64 │  │  └─ r-base >=4.2,<4.3.0a0  with the potential options
#11 61.64 │  │     ├─ r-base [4.2.2|4.2.3], which cannot be installed (as previously explained);
#11 61.64 │  │     └─ r-base [4.2.0|4.2.1|4.2.2|4.2.3], which can be installed;
#11 61.64 │  ├─ r-rgdal [1.6_6|1.6_7] would require
#11 61.64 │  │  └─ proj >=9.3.0,<9.3.1.0a0 , which conflicts with any installable versions previously reported;
#11 61.64 │  ├─ r-rgdal [1.6_6|1.6_7] would require
#11 61.64 │  │  └─ r-base >=4.3,<4.4.0a0 , which can be installed;
#11 61.64 │  ├─ r-rgdal 1.6_7 would require
#11 61.64 │  │  └─ proj >=9.4.0,<9.4.1.0a0 , which conflicts with any installable versions previously reported;
#11 61.64 │  └─ r-rgdal 1.6_7 would require
#11 61.64 │     └─ proj >=9.3.1,<9.3.2.0a0 , which conflicts with any installable versions previously reported;
#11 61.64 ├─ r-rgeos is installable with the potential options
#11 61.64 │  ├─ r-rgeos 0.6_4 would require
#11 61.64 │  │  └─ r-base >=4.2,<4.3.0a0  with the potential options
#11 61.64 │  │     ├─ r-base [4.2.2|4.2.3], which cannot be installed (as previously explained);
#11 61.64 │  │     └─ r-base [4.2.0|4.2.1|4.2.2|4.2.3], which can be installed;
#11 61.64 │  ├─ r-rgeos 0.6_4 would require
#11 61.64 │  │  └─ geos >=3.12.1,<3.12.2.0a0 , which conflicts with any installable versions previously reported;
#11 61.64 │  └─ r-rgeos 0.6_4 would require
#11 61.64 │     └─ r-base >=4.3,<4.4.0a0 , which can be installed;
#11 61.64 ├─ r-stars is not installable because there are no viable options
#11 61.64 │  ├─ r-stars 0.3_1 would require
#11 61.64 │  │  └─ r-base >=3.6,<3.7.0a0 , which conflicts with any installable versions previously reported;
#11 61.64 │  ├─ r-stars [0.3_1|0.4_0|0.4_1] would require
#11 61.64 │  │  └─ r-base >=3.5,<3.6.0a0 , which does not exist (perhaps a missing channel);
#11 61.64 │  └─ r-stars [0.4_0|0.4_1|...|0.6_5] would require
#11 61.64 │     └─ r-lwgeom, which does not exist (perhaps a missing channel);
#11 61.64 └─ r-tmap is not installable because there are no viable options
#11 61.64    ├─ r-tmap 2.2 would require
#11 61.64    │  └─ r-base >=3.5.1,<3.5.2.0a0 , which does not exist (perhaps a missing channel);
#11 61.64    ├─ r-tmap [2.2|2.3_1|2.3_2|3.0] would require
#11 61.64    │  └─ r-base >=3.5,<3.6.0a0 , which does not exist (perhaps a missing channel);
#11 61.64    ├─ r-tmap 2.2 would require
#11 61.64    │  └─ r-tmaptools >=2.0_1  but there are no viable options
#11 61.64    │     ├─ r-tmaptools 2.0_1 would require
#11 61.64    │     │  └─ r-base >=3.5.1,<3.5.2.0a0 , which does not exist (perhaps a missing channel);
#11 61.64    │     ├─ r-tmaptools [2.0_1|2.0_2|3.0] would require
#11 61.64    │     │  └─ r-base >=3.5,<3.6.0a0 , which does not exist (perhaps a missing channel);
#11 61.64    │     └─ r-tmaptools [2.0_1|2.0_2|3.0|3.1_1] would require
#11 61.64    │        └─ r-lwgeom >=0.1_4 , which does not exist (perhaps a missing channel);
#11 61.64    ├─ r-tmap [2.3_1|2.3_2|3.0] would require
#11 61.64    │  └─ r-lwgeom >=0.1_4 , which does not exist (perhaps a missing channel);
#11 61.64    └─ r-tmap [3.3|3.3_1|3.3_2|3.3_3|3.3_4] would require
#11 61.64       └─ r-lwgeom >=0.2_5 , which does not exist (perhaps a missing channel).
#11 61.64 
#11 61.70 /home/jovyan/scripts/install_conda_env.sh: line 19: R: command not found
#11 62.18 Writing default config to: /home/jovyan/.jupyter/jupyter_lab_config.py
#11 62.41 Removed /opt/conda/share/jupyter/kernels/python3
#11 DONE 62.4s

#12 [ 8/23] RUN /home/jovyan/scripts/install_r_extra.sh
#12 0.106 /home/jovyan/scripts/install_r_extra.sh: line 1: et: command not found
#12 0.107 /home/jovyan/scripts/install_r_extra.sh: line 6: add-apt-repository: command not found
#12 0.107 /home/jovyan/scripts/install_r_extra.sh: line 12: R: command not found
#12 ERROR: process "/bin/bash -o pipefail -c $HOME/scripts/install_r_extra.sh" did not complete successfully: exit code: 127
------
 > [ 8/23] RUN /home/jovyan/scripts/install_r_extra.sh:
0.106 /home/jovyan/scripts/install_r_extra.sh: line 1: et: command not found
0.107 /home/jovyan/scripts/install_r_extra.sh: line 6: add-apt-repository: command not found
0.107 /home/jovyan/scripts/install_r_extra.sh: line 12: R: command not found
------
Dockerfile:28
--------------------
  26 |     RUN $HOME/scripts/install_conda_env.sh 
  27 |     
  28 | >>> RUN $HOME/scripts/install_r_extra.sh 
  29 |     
  30 |     USER root
--------------------
ERROR: failed to solve: process "/bin/bash -o pipefail -c $HOME/scripts/install_r_extra.sh" did not complete successfully: exit code: 127
